<?xml version="1.0" encoding="UTF-8"?>
<!-- Generated by org.testng.reporters.JUnitXMLReporter -->
<testsuite ignored="0" hostname="DESKTOP-UTNLN27" failures="1" tests="1" name="Default test(failed)" time="32.363" errors="0" timestamp="2024-07-28T15:03:21 IST">
  <testcase classname="com.facebook.tests.LoginTest" name="loginTest" time="19.884">
    <failure type="java.io.FileNotFoundException" message=".\src\com.facebook.resources\Excel Test Data.xlsx (The system cannot find the path specified)">
      <![CDATA[java.io.FileNotFoundException: .\src\com.facebook.resources\Excel Test Data.xlsx (The system cannot find the path specified)
at java.base/java.io.FileInputStream.open0(Native Method)
at java.base/java.io.FileInputStream.open(FileInputStream.java:216)
at java.base/java.io.FileInputStream.<init>(FileInputStream.java:157)
at com.facebook.genericPage.CommonMethods.readExcelData(CommonMethods.java:79)
at com.facebook.tests.LoginTest.loginTest(LoginTest.java:25)
at java.base/java.util.ArrayList.forEach(ArrayList.java:1511)
... Removed 27 stack frames]]>
    </failure>
  </testcase> <!-- loginTest -->
</testsuite> <!-- Default test(failed) -->
