<?xml version="1.0" encoding="UTF-8"?>
<testng-results ignored="0" total="1" passed="1" failed="0" skipped="0">
  <reporter-output>
  </reporter-output>
  <suite started-at="2024-07-28T15:50:26 IST" name="Default suite" finished-at="2024-07-28T15:50:27 IST" duration-ms="1458">
    <groups>
    </groups>
    <test started-at="2024-07-28T15:50:26 IST" name="Default test" finished-at="2024-07-28T15:50:27 IST" duration-ms="1458">
      <class name="com.facebook.tests.PageFactoryLoginTest">
        <test-method signature="loginTest()[pri:0, instance:com.facebook.tests.PageFactoryLoginTest@6d367020]" started-at="2024-07-28T15:50:26 IST" name="loginTest" finished-at="2024-07-28T15:50:27 IST" duration-ms="1275" status="PASS">
          <reporter-output>
          </reporter-output>
        </test-method> <!-- loginTest -->
      </class> <!-- com.facebook.tests.PageFactoryLoginTest -->
    </test> <!-- Default test -->
  </suite> <!-- Default suite -->
</testng-results>
